<?xml version="1.0" encoding="UTF-8"?>
<!-- Generated by org.testng.reporters.JUnitReportReporter -->
<testsuite hostname="buzzworks" failures="0" tests="1" name="com.hoppr.login.hopprlLogin" time="49.927" errors="0" timestamp="22 Apr 2022 11:01:58 GMT">
  <testcase classname="com.hoppr.login.hopprlLogin" name="hopprlogin" time="49.927"/>
</testsuite> <!-- com.hoppr.login.hopprlLogin -->
